# Logfile created on 2016-01-17 22:14:11 -0500 by logger.rb/31641
E, [2016-01-17T22:14:11.981994 #1450] ERROR -- : Gem::Ext::BuildError: ERROR: Failed to build gem native extension.

    /usr/local/rvm/rubies/ruby-1.9.3-p392/bin/ruby extconf.rb 
checking for main() in -lc... *** extconf.rb failed ***
Could not create Makefile due to some reason, probably lack of
necessary libraries and/or headers.  Check the mkmf.log file for more
details.  You may need configuration options.

Provided configuration options:
	--with-opt-dir
	--without-opt-dir
	--with-opt-include
	--without-opt-include=${opt-dir}/include
	--with-opt-lib
	--without-opt-lib=${opt-dir}/lib
	--with-make-prog
	--without-make-prog
	--srcdir=.
	--curdir
	--ruby=/usr/local/rvm/rubies/ruby-1.9.3-p392/bin/ruby
	--with-redcloth_scan-dir
	--without-redcloth_scan-dir
	--with-redcloth_scan-include
	--without-redcloth_scan-include=${redcloth_scan-dir}/include
	--with-redcloth_scan-lib
	--without-redcloth_scan-lib=${redcloth_scan-dir}/lib
	--with-clib
	--without-clib
/usr/local/rvm/rubies/ruby-1.9.3-p392/lib/ruby/1.9.1/mkmf.rb:381:in `try_do': The compiler failed to generate an executable file. (RuntimeError)
You have to install development tools first.
	from /usr/local/rvm/rubies/ruby-1.9.3-p392/lib/ruby/1.9.1/mkmf.rb:461:in `try_link0'
	from /usr/local/rvm/rubies/ruby-1.9.3-p392/lib/ruby/1.9.1/mkmf.rb:476:in `try_link'
	from /usr/local/rvm/rubies/ruby-1.9.3-p392/lib/ruby/1.9.1/mkmf.rb:619:in `try_func'
	from /usr/local/rvm/rubies/ruby-1.9.3-p392/lib/ruby/1.9.1/mkmf.rb:845:in `block in have_library'
	from /usr/local/rvm/rubies/ruby-1.9.3-p392/lib/ruby/1.9.1/mkmf.rb:790:in `block in checking_for'
	from /usr/local/rvm/rubies/ruby-1.9.3-p392/lib/ruby/1.9.1/mkmf.rb:284:in `block (2 levels) in postpone'
	from /usr/local/rvm/rubies/ruby-1.9.3-p392/lib/ruby/1.9.1/mkmf.rb:254:in `open'
	from /usr/local/rvm/rubies/ruby-1.9.3-p392/lib/ruby/1.9.1/mkmf.rb:284:in `block in postpone'
	from /usr/local/rvm/rubies/ruby-1.9.3-p392/lib/ruby/1.9.1/mkmf.rb:254:in `open'
	from /usr/local/rvm/rubies/ruby-1.9.3-p392/lib/ruby/1.9.1/mkmf.rb:280:in `postpone'
	from /usr/local/rvm/rubies/ruby-1.9.3-p392/lib/ruby/1.9.1/mkmf.rb:789:in `checking_for'
	from /usr/local/rvm/rubies/ruby-1.9.3-p392/lib/ruby/1.9.1/mkmf.rb:840:in `have_library'
	from extconf.rb:5:in `<main>'

extconf failed, exit code 1

Gem files will remain installed in /usr/local/rvm/rubies/ruby-1.9.3-p392/lib/ruby/gems/1.9.1/gems/RedCloth-4.2.9 for inspection.
Results logged to /usr/local/rvm/rubies/ruby-1.9.3-p392/lib/ruby/gems/1.9.1/extensions/x86_64-darwin-10/1.9.1-static/RedCloth-4.2.9/gem_make.out

/usr/local/rvm/rubies/ruby-1.9.3-p392/lib/ruby/site_ruby/1.9.1/rubygems/ext/builder.rb:89:in `run'  \n/usr/local/rvm/rubies/ruby-1.9.3-p392/lib/ruby/site_ruby/1.9.1/rubygems/ext/ext_conf_builder.rb:37:in `block in build'  \n/usr/local/rvm/rubies/ruby-1.9.3-p392/lib/ruby/1.9.1/tempfile.rb:320:in `open'  \n/usr/local/rvm/rubies/ruby-1.9.3-p392/lib/ruby/site_ruby/1.9.1/rubygems/ext/ext_conf_builder.rb:17:in `build'  \n/usr/local/rvm/rubies/ruby-1.9.3-p392/lib/ruby/site_ruby/1.9.1/rubygems/ext/builder.rb:161:in `block (2 levels) in build_extension'  \n/usr/local/rvm/rubies/ruby-1.9.3-p392/lib/ruby/site_ruby/1.9.1/rubygems/ext/builder.rb:160:in `chdir'  \n/usr/local/rvm/rubies/ruby-1.9.3-p392/lib/ruby/site_ruby/1.9.1/rubygems/ext/builder.rb:160:in `block in build_extension'  \n<internal:prelude>:10:in `synchronize'  \n/usr/local/rvm/rubies/ruby-1.9.3-p392/lib/ruby/site_ruby/1.9.1/rubygems/ext/builder.rb:159:in `build_extension'  \n/usr/local/rvm/rubies/ruby-1.9.3-p392/lib/ruby/site_ruby/1.9.1/rubygems/ext/builder.rb:198:in `block in build_extensions'  \n/usr/local/rvm/rubies/ruby-1.9.3-p392/lib/ruby/site_ruby/1.9.1/rubygems/ext/builder.rb:195:in `each'  \n/usr/local/rvm/rubies/ruby-1.9.3-p392/lib/ruby/site_ruby/1.9.1/rubygems/ext/builder.rb:195:in `build_extensions'  \n/usr/local/rvm/rubies/ruby-1.9.3-p392/lib/ruby/site_ruby/1.9.1/rubygems/installer.rb:677:in `build_extensions'  \n/usr/local/rvm/rubies/ruby-1.9.3-p392/lib/ruby/site_ruby/1.9.1/rubygems/installer.rb:232:in `install'  \n/usr/local/rvm/rubies/ruby-1.9.3-p392/lib/ruby/gems/1.9.1/gems/bundler-1.5.1/lib/bundler/source/rubygems.rb:95:in `block in install'  \n/usr/local/rvm/rubies/ruby-1.9.3-p392/lib/ruby/gems/1.9.1/gems/bundler-1.5.1/lib/bundler/rubygems_integration.rb:118:in `preserve_paths'  \n/usr/local/rvm/rubies/ruby-1.9.3-p392/lib/ruby/gems/1.9.1/gems/bundler-1.5.1/lib/bundler/source/rubygems.rb:94:in `install'  \n/usr/local/rvm/rubies/ruby-1.9.3-p392/lib/ruby/gems/1.9.1/gems/bundler-1.5.1/lib/bundler/installer.rb:111:in `block in install_gem_from_spec'  \n/usr/local/rvm/rubies/ruby-1.9.3-p392/lib/ruby/gems/1.9.1/gems/bundler-1.5.1/lib/bundler/rubygems_integration.rb:150:in `with_build_args'  \n/usr/local/rvm/rubies/ruby-1.9.3-p392/lib/ruby/gems/1.9.1/gems/bundler-1.5.1/lib/bundler/installer.rb:110:in `install_gem_from_spec'  \n/usr/local/rvm/rubies/ruby-1.9.3-p392/lib/ruby/gems/1.9.1/gems/bundler-1.5.1/lib/bundler/installer.rb:295:in `block in install_sequentially'  \n/usr/local/rvm/rubies/ruby-1.9.3-p392/lib/ruby/1.9.1/forwardable.rb:201:in `each'  \n/usr/local/rvm/rubies/ruby-1.9.3-p392/lib/ruby/1.9.1/forwardable.rb:201:in `each'  \n/usr/local/rvm/rubies/ruby-1.9.3-p392/lib/ruby/gems/1.9.1/gems/bundler-1.5.1/lib/bundler/installer.rb:294:in `install_sequentially'  \n/usr/local/rvm/rubies/ruby-1.9.3-p392/lib/ruby/gems/1.9.1/gems/bundler-1.5.1/lib/bundler/installer.rb:97:in `run'  \n/usr/local/rvm/rubies/ruby-1.9.3-p392/lib/ruby/gems/1.9.1/gems/bundler-1.5.1/lib/bundler/installer.rb:15:in `install'  \n/usr/local/rvm/rubies/ruby-1.9.3-p392/lib/ruby/gems/1.9.1/gems/bundler-1.5.1/lib/bundler/cli.rb:257:in `install'  \n/usr/local/rvm/rubies/ruby-1.9.3-p392/lib/ruby/gems/1.9.1/gems/bundler-1.5.1/lib/bundler/vendor/thor/command.rb:27:in `run'  \n/usr/local/rvm/rubies/ruby-1.9.3-p392/lib/ruby/gems/1.9.1/gems/bundler-1.5.1/lib/bundler/vendor/thor/invocation.rb:120:in `invoke_command'  \n/usr/local/rvm/rubies/ruby-1.9.3-p392/lib/ruby/gems/1.9.1/gems/bundler-1.5.1/lib/bundler/vendor/thor.rb:363:in `dispatch'  \n/usr/local/rvm/rubies/ruby-1.9.3-p392/lib/ruby/gems/1.9.1/gems/bundler-1.5.1/lib/bundler/vendor/thor/base.rb:438:in `start'  \n/usr/local/rvm/rubies/ruby-1.9.3-p392/lib/ruby/gems/1.9.1/gems/bundler-1.5.1/lib/bundler/cli.rb:10:in `start'  \n/usr/local/rvm/rubies/ruby-1.9.3-p392/lib/ruby/gems/1.9.1/gems/bundler-1.5.1/bin/bundle:22:in `block in <top (required)>'  \n/usr/local/rvm/rubies/ruby-1.9.3-p392/lib/ruby/gems/1.9.1/gems/bundler-1.5.1/lib/bundler/friendly_errors.rb:5:in `with_friendly_errors'  \n/usr/local/rvm/rubies/ruby-1.9.3-p392/lib/ruby/gems/1.9.1/gems/bundler-1.5.1/bin/bundle:22:in `<top (required)>'  \n/usr/local/rvm/gems/ruby-1.9.3-p392/bin/bundle:19:in `load'  \n/usr/local/rvm/gems/ruby-1.9.3-p392/bin/bundle:19:in `<main>'  \n/usr/local/rvm/gems/ruby-1.9.3-p392/bin/ruby_noexec_wrapper:14:in `eval'  \n/usr/local/rvm/gems/ruby-1.9.3-p392/bin/ruby_noexec_wrapper:14:in `<main>'
E, [2016-01-17T22:15:51.102383 #1465] ERROR -- : Gem::Ext::BuildError: ERROR: Failed to build gem native extension.

    /usr/local/rvm/rubies/ruby-1.9.3-p392/bin/ruby extconf.rb 
checking for main() in -lc... *** extconf.rb failed ***
Could not create Makefile due to some reason, probably lack of
necessary libraries and/or headers.  Check the mkmf.log file for more
details.  You may need configuration options.

Provided configuration options:
	--with-opt-dir
	--without-opt-dir
	--with-opt-include
	--without-opt-include=${opt-dir}/include
	--with-opt-lib
	--without-opt-lib=${opt-dir}/lib
	--with-make-prog
	--without-make-prog
	--srcdir=.
	--curdir
	--ruby=/usr/local/rvm/rubies/ruby-1.9.3-p392/bin/ruby
	--with-redcloth_scan-dir
	--without-redcloth_scan-dir
	--with-redcloth_scan-include
	--without-redcloth_scan-include=${redcloth_scan-dir}/include
	--with-redcloth_scan-lib
	--without-redcloth_scan-lib=${redcloth_scan-dir}/lib
	--with-clib
	--without-clib
/usr/local/rvm/rubies/ruby-1.9.3-p392/lib/ruby/1.9.1/mkmf.rb:381:in `try_do': The compiler failed to generate an executable file. (RuntimeError)
You have to install development tools first.
	from /usr/local/rvm/rubies/ruby-1.9.3-p392/lib/ruby/1.9.1/mkmf.rb:461:in `try_link0'
	from /usr/local/rvm/rubies/ruby-1.9.3-p392/lib/ruby/1.9.1/mkmf.rb:476:in `try_link'
	from /usr/local/rvm/rubies/ruby-1.9.3-p392/lib/ruby/1.9.1/mkmf.rb:619:in `try_func'
	from /usr/local/rvm/rubies/ruby-1.9.3-p392/lib/ruby/1.9.1/mkmf.rb:845:in `block in have_library'
	from /usr/local/rvm/rubies/ruby-1.9.3-p392/lib/ruby/1.9.1/mkmf.rb:790:in `block in checking_for'
	from /usr/local/rvm/rubies/ruby-1.9.3-p392/lib/ruby/1.9.1/mkmf.rb:284:in `block (2 levels) in postpone'
	from /usr/local/rvm/rubies/ruby-1.9.3-p392/lib/ruby/1.9.1/mkmf.rb:254:in `open'
	from /usr/local/rvm/rubies/ruby-1.9.3-p392/lib/ruby/1.9.1/mkmf.rb:284:in `block in postpone'
	from /usr/local/rvm/rubies/ruby-1.9.3-p392/lib/ruby/1.9.1/mkmf.rb:254:in `open'
	from /usr/local/rvm/rubies/ruby-1.9.3-p392/lib/ruby/1.9.1/mkmf.rb:280:in `postpone'
	from /usr/local/rvm/rubies/ruby-1.9.3-p392/lib/ruby/1.9.1/mkmf.rb:789:in `checking_for'
	from /usr/local/rvm/rubies/ruby-1.9.3-p392/lib/ruby/1.9.1/mkmf.rb:840:in `have_library'
	from extconf.rb:5:in `<main>'

extconf failed, exit code 1

Gem files will remain installed in /usr/local/rvm/rubies/ruby-1.9.3-p392/lib/ruby/gems/1.9.1/gems/RedCloth-4.2.9 for inspection.
Results logged to /usr/local/rvm/rubies/ruby-1.9.3-p392/lib/ruby/gems/1.9.1/extensions/x86_64-darwin-10/1.9.1-static/RedCloth-4.2.9/gem_make.out

/usr/local/rvm/rubies/ruby-1.9.3-p392/lib/ruby/site_ruby/1.9.1/rubygems/ext/builder.rb:89:in `run'  \n/usr/local/rvm/rubies/ruby-1.9.3-p392/lib/ruby/site_ruby/1.9.1/rubygems/ext/ext_conf_builder.rb:37:in `block in build'  \n/usr/local/rvm/rubies/ruby-1.9.3-p392/lib/ruby/1.9.1/tempfile.rb:320:in `open'  \n/usr/local/rvm/rubies/ruby-1.9.3-p392/lib/ruby/site_ruby/1.9.1/rubygems/ext/ext_conf_builder.rb:17:in `build'  \n/usr/local/rvm/rubies/ruby-1.9.3-p392/lib/ruby/site_ruby/1.9.1/rubygems/ext/builder.rb:161:in `block (2 levels) in build_extension'  \n/usr/local/rvm/rubies/ruby-1.9.3-p392/lib/ruby/site_ruby/1.9.1/rubygems/ext/builder.rb:160:in `chdir'  \n/usr/local/rvm/rubies/ruby-1.9.3-p392/lib/ruby/site_ruby/1.9.1/rubygems/ext/builder.rb:160:in `block in build_extension'  \n<internal:prelude>:10:in `synchronize'  \n/usr/local/rvm/rubies/ruby-1.9.3-p392/lib/ruby/site_ruby/1.9.1/rubygems/ext/builder.rb:159:in `build_extension'  \n/usr/local/rvm/rubies/ruby-1.9.3-p392/lib/ruby/site_ruby/1.9.1/rubygems/ext/builder.rb:198:in `block in build_extensions'  \n/usr/local/rvm/rubies/ruby-1.9.3-p392/lib/ruby/site_ruby/1.9.1/rubygems/ext/builder.rb:195:in `each'  \n/usr/local/rvm/rubies/ruby-1.9.3-p392/lib/ruby/site_ruby/1.9.1/rubygems/ext/builder.rb:195:in `build_extensions'  \n/usr/local/rvm/rubies/ruby-1.9.3-p392/lib/ruby/site_ruby/1.9.1/rubygems/installer.rb:677:in `build_extensions'  \n/usr/local/rvm/rubies/ruby-1.9.3-p392/lib/ruby/site_ruby/1.9.1/rubygems/installer.rb:232:in `install'  \n/usr/local/rvm/rubies/ruby-1.9.3-p392/lib/ruby/gems/1.9.1/gems/bundler-1.5.1/lib/bundler/source/rubygems.rb:95:in `block in install'  \n/usr/local/rvm/rubies/ruby-1.9.3-p392/lib/ruby/gems/1.9.1/gems/bundler-1.5.1/lib/bundler/rubygems_integration.rb:118:in `preserve_paths'  \n/usr/local/rvm/rubies/ruby-1.9.3-p392/lib/ruby/gems/1.9.1/gems/bundler-1.5.1/lib/bundler/source/rubygems.rb:94:in `install'  \n/usr/local/rvm/rubies/ruby-1.9.3-p392/lib/ruby/gems/1.9.1/gems/bundler-1.5.1/lib/bundler/installer.rb:111:in `block in install_gem_from_spec'  \n/usr/local/rvm/rubies/ruby-1.9.3-p392/lib/ruby/gems/1.9.1/gems/bundler-1.5.1/lib/bundler/rubygems_integration.rb:150:in `with_build_args'  \n/usr/local/rvm/rubies/ruby-1.9.3-p392/lib/ruby/gems/1.9.1/gems/bundler-1.5.1/lib/bundler/installer.rb:110:in `install_gem_from_spec'  \n/usr/local/rvm/rubies/ruby-1.9.3-p392/lib/ruby/gems/1.9.1/gems/bundler-1.5.1/lib/bundler/installer.rb:295:in `block in install_sequentially'  \n/usr/local/rvm/rubies/ruby-1.9.3-p392/lib/ruby/1.9.1/forwardable.rb:201:in `each'  \n/usr/local/rvm/rubies/ruby-1.9.3-p392/lib/ruby/1.9.1/forwardable.rb:201:in `each'  \n/usr/local/rvm/rubies/ruby-1.9.3-p392/lib/ruby/gems/1.9.1/gems/bundler-1.5.1/lib/bundler/installer.rb:294:in `install_sequentially'  \n/usr/local/rvm/rubies/ruby-1.9.3-p392/lib/ruby/gems/1.9.1/gems/bundler-1.5.1/lib/bundler/installer.rb:97:in `run'  \n/usr/local/rvm/rubies/ruby-1.9.3-p392/lib/ruby/gems/1.9.1/gems/bundler-1.5.1/lib/bundler/installer.rb:15:in `install'  \n/usr/local/rvm/rubies/ruby-1.9.3-p392/lib/ruby/gems/1.9.1/gems/bundler-1.5.1/lib/bundler/cli.rb:257:in `install'  \n/usr/local/rvm/rubies/ruby-1.9.3-p392/lib/ruby/gems/1.9.1/gems/bundler-1.5.1/lib/bundler/vendor/thor/command.rb:27:in `run'  \n/usr/local/rvm/rubies/ruby-1.9.3-p392/lib/ruby/gems/1.9.1/gems/bundler-1.5.1/lib/bundler/vendor/thor/invocation.rb:120:in `invoke_command'  \n/usr/local/rvm/rubies/ruby-1.9.3-p392/lib/ruby/gems/1.9.1/gems/bundler-1.5.1/lib/bundler/vendor/thor.rb:363:in `dispatch'  \n/usr/local/rvm/rubies/ruby-1.9.3-p392/lib/ruby/gems/1.9.1/gems/bundler-1.5.1/lib/bundler/vendor/thor/base.rb:438:in `start'  \n/usr/local/rvm/rubies/ruby-1.9.3-p392/lib/ruby/gems/1.9.1/gems/bundler-1.5.1/lib/bundler/cli.rb:10:in `start'  \n/usr/local/rvm/rubies/ruby-1.9.3-p392/lib/ruby/gems/1.9.1/gems/bundler-1.5.1/bin/bundle:22:in `block in <top (required)>'  \n/usr/local/rvm/rubies/ruby-1.9.3-p392/lib/ruby/gems/1.9.1/gems/bundler-1.5.1/lib/bundler/friendly_errors.rb:5:in `with_friendly_errors'  \n/usr/local/rvm/rubies/ruby-1.9.3-p392/lib/ruby/gems/1.9.1/gems/bundler-1.5.1/bin/bundle:22:in `<top (required)>'  \n/usr/local/rvm/gems/ruby-1.9.3-p392/bin/bundle:19:in `load'  \n/usr/local/rvm/gems/ruby-1.9.3-p392/bin/bundle:19:in `<main>'  \n/usr/local/rvm/gems/ruby-1.9.3-p392/bin/ruby_noexec_wrapper:14:in `eval'  \n/usr/local/rvm/gems/ruby-1.9.3-p392/bin/ruby_noexec_wrapper:14:in `<main>'
